<?xml version="1.0" encoding="UTF-8"?>
<!-- Generated by org.testng.reporters.JUnitXMLReporter -->
<testsuite ignored="2" hostname="Prashant" failures="0" tests="1" name="Default test" time="6.121" errors="0" timestamp="2025-05-31T11:43:10 IST">
  <testcase classname="com.indiamart.qa.testcases.RegisterTest" name="verifyRegisteringonhelp" time="1.483"/>
  <testcase classname="com.indiamart.qa.testcases.RegisterTest" name="verifyRegisteringwithnoCredentials" time="0.0">
    <ignored/>
  </testcase> <!-- verifyRegisteringwithnoCredentials -->
  <testcase classname="com.indiamart.qa.testcases.RegisterTest" name="verifyRegisteringwithinvalidCredentials" time="0.0">
    <ignored/>
  </testcase> <!-- verifyRegisteringwithinvalidCredentials -->
</testsuite> <!-- Default test -->
