<?xml version="1.0" encoding="UTF-8"?>
<!-- Generated by org.testng.reporters.JUnitXMLReporter -->
<testsuite ignored="19" hostname="Prashant" failures="0" tests="1" name="Default test" time="44.884" errors="0" timestamp="2025-06-12T14:34:54 IST">
  <testcase classname="com.indiamart.qa.testcases.FooterTest" name="verifyappleiconclickandredirectiononfootersection" time="40.466"/>
  <testcase classname="com.indiamart.qa.testcases.FooterTest" name="verifycontactuscareclickandredirectiononfootersection" time="0.0">
    <ignored/>
  </testcase> <!-- verifycontactuscareclickandredirectiononfootersection -->
  <testcase classname="com.indiamart.qa.testcases.FooterTest" name="verifysecuritytipsforbuyerclickandredirectiononfootersection" time="0.0">
    <ignored/>
  </testcase> <!-- verifysecuritytipsforbuyerclickandredirectiononfootersection -->
  <testcase classname="com.indiamart.qa.testcases.FooterTest" name="verifylatestbuyleadclickandredirectiononfootersection" time="0.0">
    <ignored/>
  </testcase> <!-- verifylatestbuyleadclickandredirectiononfootersection -->
  <testcase classname="com.indiamart.qa.testcases.FooterTest" name="verifyproductyoubuyclickandredirectiononfootersection" time="0.0">
    <ignored/>
  </testcase> <!-- verifyproductyoubuyclickandredirectiononfootersection -->
  <testcase classname="com.indiamart.qa.testcases.FooterTest" name="verifysearchproductsandsuppliersclickandredirectiononfootersection" time="0.0">
    <ignored/>
  </testcase> <!-- verifysearchproductsandsuppliersclickandredirectiononfootersection -->
  <testcase classname="com.indiamart.qa.testcases.FooterTest" name="verifycomplaintsclickandredirectiononfootersection" time="0.0">
    <ignored/>
  </testcase> <!-- verifycomplaintsclickandredirectiononfootersection -->
  <testcase classname="com.indiamart.qa.testcases.FooterTest" name="verifylinktousclickandredirectiononfootersection" time="0.0">
    <ignored/>
  </testcase> <!-- verifylinktousclickandredirectiononfootersection -->
  <testcase classname="com.indiamart.qa.testcases.FooterTest" name="verifysellertoolsclickandredirectiononfootersection" time="0.0">
    <ignored/>
  </testcase> <!-- verifysellertoolsclickandredirectiononfootersection -->
  <testcase classname="com.indiamart.qa.testcases.FooterTest" name="verifyfeedbackclickandredirectiononfootersection" time="0.0">
    <ignored/>
  </testcase> <!-- verifyfeedbackclickandredirectiononfootersection -->
  <testcase classname="com.indiamart.qa.testcases.FooterTest" name="verifytermofuseclickandredirectiononfootersection" time="0.0">
    <ignored/>
  </testcase> <!-- verifytermofuseclickandredirectiononfootersection -->
  <testcase classname="com.indiamart.qa.testcases.FooterTest" name="verifyhelpclickandredirection" time="0.0">
    <ignored/>
  </testcase> <!-- verifyhelpclickandredirection -->
  <testcase classname="com.indiamart.qa.testcases.FooterTest" name="verifysecuritytipsforsellersclickandredirectiononfootersection" time="0.0">
    <ignored/>
  </testcase> <!-- verifysecuritytipsforsellersclickandredirectiononfootersection -->
  <testcase classname="com.indiamart.qa.testcases.FooterTest" name="verifyshipwithindiamartclickandredirectiononfootersection" time="0.0">
    <ignored/>
  </testcase> <!-- verifyshipwithindiamartclickandredirectiononfootersection -->
  <testcase classname="com.indiamart.qa.testcases.FooterTest" name="verifycustomercareclickandredirectiononfootersection" time="0.0">
    <ignored/>
  </testcase> <!-- verifycustomercareclickandredirectiononfootersection -->
  <testcase classname="com.indiamart.qa.testcases.FooterTest" name="verifybuyertoolkitclickandredirectiononfootersection" time="0.0">
    <ignored/>
  </testcase> <!-- verifybuyertoolkitclickandredirectiononfootersection -->
  <testcase classname="com.indiamart.qa.testcases.FooterTest" name="verifysuppliertoolkitclickandredirectiononfootersection" time="0.0">
    <ignored/>
  </testcase> <!-- verifysuppliertoolkitclickandredirectiononfootersection -->
  <testcase classname="com.indiamart.qa.testcases.FooterTest" name="verifyprivacypolicyclickandredirectiononfootersection" time="0.0">
    <ignored/>
  </testcase> <!-- verifyprivacypolicyclickandredirectiononfootersection -->
  <testcase classname="com.indiamart.qa.testcases.FooterTest" name="verifypostyourrequirementclickandredirectiononfootersection" time="0.0">
    <ignored/>
  </testcase> <!-- verifypostyourrequirementclickandredirectiononfootersection -->
  <testcase classname="com.indiamart.qa.testcases.FooterTest" name="verifylearningcenterclickandredirectiononfootersection" time="0.0">
    <ignored/>
  </testcase> <!-- verifylearningcenterclickandredirectiononfootersection -->
</testsuite> <!-- Default test -->
