<?xml version="1.0" encoding="UTF-8"?>
<testng-results ignored="19" total="20" passed="1" failed="0" skipped="0">
  <reporter-output>
  </reporter-output>
  <suite started-at="2025-06-12T14:34:09 IST" name="Default suite" finished-at="2025-06-12T14:34:54 IST" duration-ms="44884">
    <groups>
    </groups>
    <test started-at="2025-06-12T14:34:09 IST" name="Default test" finished-at="2025-06-12T14:34:54 IST" duration-ms="44884">
      <class name="com.indiamart.qa.testcases.FooterTest">
        <test-method is-config="true" signature="setup()[pri:0, instance:com.indiamart.qa.testcases.FooterTest@24313fcc]" started-at="2025-06-12T14:34:09 IST" name="setup" finished-at="2025-06-12T14:34:14 IST" duration-ms="4375" status="PASS">
          <reporter-output>
          </reporter-output>
        </test-method> <!-- setup -->
        <test-method signature="verifyappleiconclickandredirectiononfootersection()[pri:20, instance:com.indiamart.qa.testcases.FooterTest@24313fcc]" started-at="2025-06-12T14:34:14 IST" name="verifyappleiconclickandredirectiononfootersection" finished-at="2025-06-12T14:34:54 IST" duration-ms="40466" status="PASS">
          <reporter-output>
          </reporter-output>
        </test-method> <!-- verifyappleiconclickandredirectiononfootersection -->
        <test-method is-config="true" signature="closure()[pri:0, instance:com.indiamart.qa.testcases.FooterTest@24313fcc]" started-at="2025-06-12T14:34:54 IST" name="closure" finished-at="2025-06-12T14:34:54 IST" duration-ms="1" status="PASS">
          <reporter-output>
          </reporter-output>
        </test-method> <!-- closure -->
      </class> <!-- com.indiamart.qa.testcases.FooterTest -->
    </test> <!-- Default test -->
  </suite> <!-- Default suite -->
</testng-results>
